# JRE version: OpenJDK Runtime Environment Temurin-21.0.11+10 (21.0.11+10) (build 21.0.11+10-LTS)
# Java VM: OpenJDK 64-Bit Server VM Temurin-21.0.11+10 (21.0.11+10-LTS, mixed mode, sharing, tiered, compressed oops, compressed class ptrs, g1 gc, windows-amd64)
GC Precious Log:
 CardTable entry size: 512
 Card Set container configuration: InlinePtr #cards 5 size 8 Array Of Cards #cards 12 size 40 Howl #buckets 4 coarsen threshold 1843 Howl Bitmap #cards 512 size 80 coarsen threshold 460 Card regions per heap region 1 cards per card region 2048
 CPUs: 8 total, 8 available
 Memory: 8006M
 Large Page Support: Disabled
 NUMA Support: Disabled
 Compressed Oops: Enabled (32-bit)
 Heap Region Size: 1M
 Heap Min Capacity: 8M
 Heap Initial Capacity: 126M
 Heap Max Capacity: 2002M
 Pre-touch: Disabled
 Parallel Workers: 8
 Concurrent Workers: 2
 Concurrent Refinement Workers: 8
 Periodic GC: Disabled
Heap:
 garbage-first heap   total 114688K, used 59346K [0x0000000082e00000, 0x0000000100000000)
  region size 1024K, 18 young (18432K), 5 survivors (5120K)
 Metaspace       used 30646K, committed 31232K, reserved 1114112K
  class space    used 3454K, committed 3712K, reserved 1048576K
GC Heap History (14 events):
Event: 2.763 GC heap before
{Heap before GC invocations=0 (full 0):
 garbage-first heap   total 129024K, used 22528K [0x0000000082e00000, 0x0000000100000000)
  region size 1024K, 23 young (23552K), 0 survivors (0K)
 Metaspace       used 5643K, committed 5824K, reserved 1114112K
  class space    used 662K, committed 768K, reserved 1048576K
}
Event: 2.781 GC heap after
{Heap after GC invocations=1 (full 0):
 garbage-first heap   total 129024K, used 3813K [0x0000000082e00000, 0x0000000100000000)
  region size 1024K, 3 young (3072K), 3 survivors (3072K)
 Metaspace       used 5643K, committed 5824K, reserved 1114112K
  class space    used 662K, committed 768K, reserved 1048576K
}
Event: 3.788 GC heap before
{Heap before GC invocations=1 (full 0):
 garbage-first heap   total 129024K, used 34533K [0x0000000082e00000, 0x0000000100000000)
  region size 1024K, 33 young (33792K), 3 survivors (3072K)
 Metaspace       used 9558K, committed 9728K, reserved 1114112K
  class space    used 1142K, committed 1216K, reserved 1048576K
}
Event: 3.795 GC heap after
{Heap after GC invocations=2 (full 0):
 garbage-first heap   total 129024K, used 5283K [0x0000000082e00000, 0x0000000100000000)
  region size 1024K, 2 young (2048K), 2 survivors (2048K)
 Metaspace       used 9558K, committed 9728K, reserved 1114112K
  class space    used 1142K, committed 1216K, reserved 1048576K
}
Event: 8.506 GC heap before
{Heap before GC invocations=2 (full 0):
 garbage-first heap   total 129024K, used 80035K [0x0000000082e00000, 0x0000000100000000)
  region size 1024K, 75 young (76800K), 2 survivors (2048K)
 Metaspace       used 15890K, committed 16128K, reserved 1114112K
  class space    used 1875K, committed 1984K, reserved 1048576K
}
Event: 8.521 GC heap after
{Heap after GC invocations=3 (full 0):
 garbage-first heap   total 129024K, used 13928K [0x0000000082e00000, 0x0000000100000000)
  region size 1024K, 10 young (10240K), 10 survivors (10240K)
 Metaspace       used 15890K, committed 16128K, reserved 1114112K
  class space    used 1875K, committed 1984K, reserved 1048576K
}
Event: 17.915 GC heap before
{Heap before GC invocations=3 (full 0):
 garbage-first heap   total 129024K, used 80488K [0x0000000082e00000, 0x0000000100000000)
  region size 1024K, 75 young (76800K), 10 survivors (10240K)
 Metaspace       used 17782K, committed 18048K, reserved 1114112K
  class space    used 2036K, committed 2176K, reserved 1048576K
}
Event: 17.935 GC heap after
{Heap after GC invocations=4 (full 0):
 garbage-first heap   total 129024K, used 16902K [0x0000000082e00000, 0x0000000100000000)
  region size 1024K, 4 young (4096K), 4 survivors (4096K)
 Metaspace       used 17782K, committed 18048K, reserved 1114112K
  class space    used 2036K, committed 2176K, reserved 1048576K
}
Event: 22.432 GC heap before
{Heap before GC invocations=4 (full 0):
 garbage-first heap   total 129024K, used 54790K [0x0000000082e00000, 0x0000000100000000)
  region size 1024K, 37 young (37888K), 4 survivors (4096K)
 Metaspace       used 21163K, committed 21504K, reserved 1114112K
  class space    used 2451K, committed 2624K, reserved 1048576K
}
Event: 22.447 GC heap after
{Heap after GC invocations=5 (full 0):
 garbage-first heap   total 129024K, used 26118K [0x0000000082e00000, 0x0000000100000000)
  region size 1024K, 9 young (9216K), 9 survivors (9216K)
 Metaspace       used 21163K, committed 21504K, reserved 1114112K
  class space    used 2451K, committed 2624K, reserved 1048576K
}
Event: 26.625 GC heap before
{Heap before GC invocations=6 (full 0):
 garbage-first heap   total 89088K, used 88582K [0x0000000082e00000, 0x0000000100000000)
  region size 1024K, 69 young (70656K), 9 survivors (9216K)
 Metaspace       used 27199K, committed 27584K, reserved 1114112K
  class space    used 3095K, committed 3264K, reserved 1048576K
}
Event: 26.690 GC heap after
{Heap after GC invocations=7 (full 0):
 garbage-first heap   total 114688K, used 41478K [0x0000000082e00000, 0x0000000100000000)
  region size 1024K, 10 young (10240K), 10 survivors (10240K)
 Metaspace       used 27199K, committed 27584K, reserved 1114112K
  class space    used 3095K, committed 3264K, reserved 1048576K
}
Event: 31.496 GC heap before
{Heap before GC invocations=7 (full 0):
 garbage-first heap   total 114688K, used 88582K [0x0000000082e00000, 0x0000000100000000)
  region size 1024K, 57 young (58368K), 10 survivors (10240K)
 Metaspace       used 29620K, committed 30016K, reserved 1114112K
  class space    used 3330K, committed 3520K, reserved 1048576K
}
Event: 31.520 GC heap after
{Heap after GC invocations=8 (full 0):
 garbage-first heap   total 114688K, used 45568K [0x0000000082e00000, 0x0000000100000000)
  region size 1024K, 4 young (4096K), 4 survivors (4096K)
 Metaspace       used 29620K, committed 30016K, reserved 1114112K
  class space    used 3330K, committed 3520K, reserved 1048576K
}

